<?xml version="1.0" encoding="UTF-8"?>
<testsuite name="com.nuvalence.demospringbootkube.DemospringbootkubeApplicationTests" tests="1" skipped="0" failures="0" errors="0" timestamp="2022-02-14T05:06:55" hostname="NUVALENCE-LT24" time="0.279">
  <properties/>
  <testcase name="contextLoads()" classname="com.nuvalence.demospringbootkube.DemospringbootkubeApplicationTests" time="0.279"/>
  <system-out><![CDATA[21:06:52.758 [Test worker] DEBUG org.springframework.test.context.BootstrapUtils - Instantiating CacheAwareContextLoaderDelegate from class [org.springframework.test.context.cache.DefaultCacheAwareContextLoaderDelegate]
21:06:52.766 [Test worker] DEBUG org.springframework.test.context.BootstrapUtils - Instantiating BootstrapContext using constructor [public org.springframework.test.context.support.DefaultBootstrapContext(java.lang.Class,org.springframework.test.context.CacheAwareContextLoaderDelegate)]
21:06:52.792 [Test worker] DEBUG org.springframework.test.context.BootstrapUtils - Instantiating TestContextBootstrapper for test class [com.nuvalence.demospringbootkube.DemospringbootkubeApplicationTests] from class [org.springframework.boot.test.context.SpringBootTestContextBootstrapper]
21:06:52.799 [Test worker] INFO org.springframework.boot.test.context.SpringBootTestContextBootstrapper - Neither @ContextConfiguration nor @ContextHierarchy found for test class [com.nuvalence.demospringbootkube.DemospringbootkubeApplicationTests], using SpringBootContextLoader
21:06:52.802 [Test worker] DEBUG org.springframework.test.context.support.AbstractContextLoader - Did not detect default resource location for test class [com.nuvalence.demospringbootkube.DemospringbootkubeApplicationTests]: class path resource [com/nuvalence/demospringbootkube/DemospringbootkubeApplicationTests-context.xml] does not exist
21:06:52.803 [Test worker] DEBUG org.springframework.test.context.support.AbstractContextLoader - Did not detect default resource location for test class [com.nuvalence.demospringbootkube.DemospringbootkubeApplicationTests]: class path resource [com/nuvalence/demospringbootkube/DemospringbootkubeApplicationTestsContext.groovy] does not exist
21:06:52.803 [Test worker] INFO org.springframework.test.context.support.AbstractContextLoader - Could not detect default resource locations for test class [com.nuvalence.demospringbootkube.DemospringbootkubeApplicationTests]: no resource found for suffixes {-context.xml, Context.groovy}.
21:06:52.803 [Test worker] INFO org.springframework.test.context.support.AnnotationConfigContextLoaderUtils - Could not detect default configuration classes for test class [com.nuvalence.demospringbootkube.DemospringbootkubeApplicationTests]: DemospringbootkubeApplicationTests does not declare any static, non-private, non-final, nested classes annotated with @Configuration.
21:06:52.835 [Test worker] DEBUG org.springframework.test.context.support.ActiveProfilesUtils - Could not find an 'annotation declaring class' for annotation type [org.springframework.test.context.ActiveProfiles] and class [com.nuvalence.demospringbootkube.DemospringbootkubeApplicationTests]
21:06:52.879 [Test worker] DEBUG org.springframework.context.annotation.ClassPathScanningCandidateComponentProvider - Identified candidate component class: file [C:\Users\WillTsui\Documents\Git\demospringbootkube\build\classes\java\main\com\nuvalence\demospringbootkube\DemospringbootkubeApplication.class]
21:06:52.880 [Test worker] INFO org.springframework.boot.test.context.SpringBootTestContextBootstrapper - Found @SpringBootConfiguration com.nuvalence.demospringbootkube.DemospringbootkubeApplication for test class com.nuvalence.demospringbootkube.DemospringbootkubeApplicationTests
21:06:52.961 [Test worker] DEBUG org.springframework.boot.test.context.SpringBootTestContextBootstrapper - @TestExecutionListeners is not present for class [com.nuvalence.demospringbootkube.DemospringbootkubeApplicationTests]: using defaults.
21:06:52.961 [Test worker] INFO org.springframework.boot.test.context.SpringBootTestContextBootstrapper - Loaded default TestExecutionListener class names from location [META-INF/spring.factories]: [org.springframework.boot.test.autoconfigure.restdocs.RestDocsTestExecutionListener, org.springframework.boot.test.autoconfigure.web.client.MockRestServiceServerResetTestExecutionListener, org.springframework.boot.test.autoconfigure.web.servlet.MockMvcPrintOnlyOnFailureTestExecutionListener, org.springframework.boot.test.autoconfigure.web.servlet.WebDriverTestExecutionListener, org.springframework.boot.test.autoconfigure.webservices.client.MockWebServiceServerTestExecutionListener, org.springframework.boot.test.mock.mockito.MockitoTestExecutionListener, org.springframework.boot.test.mock.mockito.ResetMocksTestExecutionListener, org.springframework.test.context.web.ServletTestExecutionListener, org.springframework.test.context.support.DirtiesContextBeforeModesTestExecutionListener, org.springframework.test.context.event.ApplicationEventsTestExecutionListener, org.springframework.test.context.support.DependencyInjectionTestExecutionListener, org.springframework.test.context.support.DirtiesContextTestExecutionListener, org.springframework.test.context.transaction.TransactionalTestExecutionListener, org.springframework.test.context.jdbc.SqlScriptsTestExecutionListener, org.springframework.test.context.event.EventPublishingTestExecutionListener]
21:06:52.961 [Test worker] DEBUG org.springframework.boot.test.context.SpringBootTestContextBootstrapper - Skipping candidate TestExecutionListener [org.springframework.test.context.transaction.TransactionalTestExecutionListener] due to a missing dependency. Specify custom listener classes or make the default listener classes and their required dependencies available. Offending class: [org/springframework/transaction/interceptor/TransactionAttributeSource]
21:06:52.961 [Test worker] DEBUG org.springframework.boot.test.context.SpringBootTestContextBootstrapper - Skipping candidate TestExecutionListener [org.springframework.test.context.jdbc.SqlScriptsTestExecutionListener] due to a missing dependency. Specify custom listener classes or make the default listener classes and their required dependencies available. Offending class: [org/springframework/transaction/interceptor/TransactionAttribute]
21:06:52.961 [Test worker] INFO org.springframework.boot.test.context.SpringBootTestContextBootstrapper - Using TestExecutionListeners: [org.springframework.test.context.web.ServletTestExecutionListener@345e5a17, org.springframework.test.context.support.DirtiesContextBeforeModesTestExecutionListener@5ea502e0, org.springframework.test.context.event.ApplicationEventsTestExecutionListener@443dbe42, org.springframework.boot.test.mock.mockito.MockitoTestExecutionListener@473b3b7a, org.springframework.boot.test.autoconfigure.SpringBootDependencyInjectionTestExecutionListener@1734f68, org.springframework.test.context.support.DirtiesContextTestExecutionListener@77b7ffa4, org.springframework.test.context.event.EventPublishingTestExecutionListener@5ed190be, org.springframework.boot.test.autoconfigure.restdocs.RestDocsTestExecutionListener@402f80f5, org.springframework.boot.test.autoconfigure.web.client.MockRestServiceServerResetTestExecutionListener@5bbc9f97, org.springframework.boot.test.autoconfigure.web.servlet.MockMvcPrintOnlyOnFailureTestExecutionListener@133e019b, org.springframework.boot.test.autoconfigure.web.servlet.WebDriverTestExecutionListener@41382722, org.springframework.boot.test.autoconfigure.webservices.client.MockWebServiceServerTestExecutionListener@7dac3fd8, org.springframework.boot.test.mock.mockito.ResetMocksTestExecutionListener@425357dd]
21:06:52.977 [Test worker] DEBUG org.springframework.test.context.support.AbstractDirtiesContextTestExecutionListener - Before test class: context [DefaultTestContext@2a551a63 testClass = DemospringbootkubeApplicationTests, testInstance = [null], testMethod = [null], testException = [null], mergedContextConfiguration = [WebMergedContextConfiguration@1a6f5124 testClass = DemospringbootkubeApplicationTests, locations = '{}', classes = '{class com.nuvalence.demospringbootkube.DemospringbootkubeApplication}', contextInitializerClasses = '[]', activeProfiles = '{}', propertySourceLocations = '{}', propertySourceProperties = '{org.springframework.boot.test.context.SpringBootTestContextBootstrapper=true}', contextCustomizers = set[org.springframework.boot.test.autoconfigure.actuate.metrics.MetricsExportContextCustomizerFactory$DisableMetricExportContextCustomizer@5a7005d, org.springframework.boot.test.autoconfigure.properties.PropertyMappingContextCustomizer@0, org.springframework.boot.test.autoconfigure.web.servlet.WebDriverContextCustomizerFactory$Customizer@72758afa, org.springframework.boot.test.context.filter.ExcludeFilterContextCustomizer@607fbe09, org.springframework.boot.test.json.DuplicateJsonObjectContextCustomizerFactory$DuplicateJsonObjectContextCustomizer@5dd91bca, org.springframework.boot.test.mock.mockito.MockitoContextCustomizer@0, org.springframework.boot.test.web.client.TestRestTemplateContextCustomizer@207b8649, org.springframework.boot.test.context.SpringBootTestArgs@1, org.springframework.boot.test.context.SpringBootTestWebEnvironment@18ece7f4], resourceBasePath = 'src/main/webapp', contextLoader = 'org.springframework.boot.test.context.SpringBootContextLoader', parent = [null]], attributes = map['org.springframework.test.context.web.ServletTestExecutionListener.activateListener' -> true]], class annotated with @DirtiesContext [false] with mode [null].

  .   ____          _            __ _ _
 /\\ / ___'_ __ _ _(_)_ __  __ _ \ \ \ \
( ( )\___ | '_ | '_| | '_ \/ _` | \ \ \ \
 \\/  ___)| |_)| | | | | || (_| |  ) ) ) )
  '  |____| .__|_| |_|_| |_\__, | / / / /
 =========|_|==============|___/=/_/_/_/
 :: Spring Boot ::                (v2.6.3)

2022-02-13 21:06:53.238  INFO 29044 --- [    Test worker] c.n.d.DemospringbootkubeApplicationTests : Starting DemospringbootkubeApplicationTests using Java 11.0.14 on NUVALENCE-LT24 with PID 29044 (started by WillTsui in C:\Users\WillTsui\Documents\Git\demospringbootkube)
2022-02-13 21:06:53.239  INFO 29044 --- [    Test worker] c.n.d.DemospringbootkubeApplicationTests : No active profile set, falling back to default profiles: default
2022-02-13 21:06:54.675  INFO 29044 --- [    Test worker] g.s.a.GrpcServerFactoryAutoConfiguration : Detected grpc-netty-shaded: Creating ShadedNettyGrpcServerFactory
2022-02-13 21:06:54.935  INFO 29044 --- [    Test worker] o.s.b.a.e.web.EndpointLinksResolver      : Exposing 1 endpoint(s) beneath base path '/actuator'
2022-02-13 21:06:55.051  INFO 29044 --- [    Test worker] n.d.b.g.s.s.AbstractGrpcServerFactory    : Registered gRPC service: com.example.grpc.MessagingService, bean: messagingServiceImpl, class: com.nuvalence.demospringbootkube.Service.MessagingServiceImpl
2022-02-13 21:06:55.052  INFO 29044 --- [    Test worker] n.d.b.g.s.s.AbstractGrpcServerFactory    : Registered gRPC service: grpc.health.v1.Health, bean: grpcHealthService, class: io.grpc.services.HealthServiceImpl
2022-02-13 21:06:55.052  INFO 29044 --- [    Test worker] n.d.b.g.s.s.AbstractGrpcServerFactory    : Registered gRPC service: grpc.reflection.v1alpha.ServerReflection, bean: protoReflectionService, class: io.grpc.protobuf.services.ProtoReflectionService
2022-02-13 21:06:55.522  INFO 29044 --- [    Test worker] n.d.b.g.s.s.GrpcServerLifecycle          : gRPC Server started, listening on address: *, port: 9090
2022-02-13 21:06:55.538  INFO 29044 --- [    Test worker] c.n.d.DemospringbootkubeApplicationTests : Started DemospringbootkubeApplicationTests in 2.529 seconds (JVM running for 3.608)
]]></system-out>
  <system-err><![CDATA[]]></system-err>
</testsuite>
